<?xml version="1.0" encoding="UTF-8"?>
<!-- Generated by org.testng.reporters.JUnitReportReporter -->
<testsuite hostname="INHYLP0033" failures="0" tests="1" name="com.ecom.testcases.LoginTest" time="21.888" errors="0" timestamp="2023-12-09T20:47:11 IST" skipped="0">
  <testcase classname="com.ecom.testcases.LoginTest" name="loginpage" time="21.888"/>
  <system-out/>
</testsuite> <!-- com.ecom.testcases.LoginTest -->
