<?xml version="1.0" encoding="UTF-8"?>
<!-- Generated by org.testng.reporters.JUnitReportReporter -->
<testsuite hostname="INHYLP0033" failures="0" tests="1" name="com.ecom.testcases.StorefrontHomeTest" time="42.451" errors="0" timestamp="2023-12-10T19:28:15 IST" skipped="0">
  <testcase classname="com.ecom.testcases.StorefrontHomeTest" name="Storefront" time="42.451"/>
  <system-out/>
</testsuite> <!-- com.ecom.testcases.StorefrontHomeTest -->
