<?xml version="1.0" encoding="UTF-8"?>
<!-- Generated by org.testng.reporters.JUnitReportReporter -->
<testsuite hostname="INHYLP0032" failures="0" tests="1" name="com.ecom.testcases.CompareExcelData" time="4.481" errors="0" timestamp="2023-12-14T18:59:57 IST" skipped="0">
  <testcase classname="com.ecom.testcases.CompareExcelData" name="Create_Inventry" time="4.481"/>
  <system-out/>
</testsuite> <!-- com.ecom.testcases.CompareExcelData -->
